This is pdfTeX, Version 3.141592653-2.6-1.40.25 (MiKTeX 23.4) (preloaded format=pdflatex 2023.7.1)  4 SEP 2023 20:55
entering extended mode
 restricted \write18 enabled.
 file:line:error style messages enabled.
 %&-line parsing enabled.
**c:/Users/denis/Downloads/folder-master/trabajos/LATEX/main.tex
(c:/Users/denis/Downloads/folder-master/trabajos/LATEX/main.tex
LaTeX2e <2022-11-01> patch level 1
L3 programming layer <2023-03-30>

! LaTeX Error: File `fphw.cls' not found.

Type X to quit or <RETURN> to proceed,
or enter new name. (Default extension: cls)

Enter file name: 
c:/Users/denis/Downloads/folder-master/trabajos/LATEX/main.tex:27: Emergency stop.
<read *> 
         
l.27 ^^M
        
*** (cannot \read from terminal in nonstop modes)

 
Here is how much of TeX's memory you used:
 27 strings out of 476331
 733 string characters out of 5787766
 1849660 words of memory out of 5000000
 20562 multiletter control sequences out of 15000+600000
 512287 words of font info for 32 fonts, out of 8000000 for 9000
 1141 hyphenation exceptions out of 8191
 19i,0n,29p,154b,17s stack positions out of 10000i,1000n,20000p,200000b,200000s
c:/Users/denis/Downloads/folder-master/trabajos/LATEX/main.tex:27:  ==> Fatal error occurred, no output PDF file produced!
